<?xml version="1.0" encoding="UTF-8"?>
<!-- Generated by org.testng.reporters.JUnitReportReporter -->
<testsuite hostname="DESKTOP-VQS1UIG" failures="0" tests="1" name="soap.FirstTest" time="1.799" errors="0" timestamp="2022-07-14T12:02:15 CEST" skipped="0">
  <testcase classname="soap.FirstTest" name="SoapTest" time="1.799"/>
  <system-out/>
</testsuite> <!-- soap.FirstTest -->
