<?xml version="1.0" encoding="UTF-8"?>
<!-- Generated by org.testng.reporters.JUnitReportReporter -->
<testsuite hostname="DESKTOP-VQS1UIG" failures="0" tests="1" name="Rest.restcountriesComTestSuite" time="1.398" errors="0" timestamp="2022-07-14T12:02:15 CEST" skipped="0">
  <testcase classname="Rest.restcountriesComTestSuite" name="SoapTest" time="1.398"/>
  <system-out/>
</testsuite> <!-- Rest.restcountriesComTestSuite -->
